<?xml version="1.0" encoding="UTF-8"?>
<coverage generated="1778585786326" clover="3.2.0">
  <project timestamp="1778585786326" name="All files">
    <metrics statements="46" coveredstatements="46" conditionals="30" coveredconditionals="30" methods="11" coveredmethods="11" elements="87" coveredelements="87" complexity="0" loc="46" ncloc="46" packages="1" files="2" classes="2"/>
    <file name="currency-rate-client.ts" path="D:\KK1\kklab6\src\currency-rate-client.ts">
      <metrics statements="10" coveredstatements="10" conditionals="5" coveredconditionals="5" methods="2" coveredmethods="2"/>
      <line num="5" count="1" type="stmt"/>
      <line num="6" count="3" type="stmt"/>
      <line num="9" count="3" type="stmt"/>
      <line num="10" count="3" type="stmt"/>
      <line num="11" count="3" type="cond" truecount="1" falsecount="0"/>
      <line num="12" count="1" type="stmt"/>
      <line num="14" count="2" type="stmt"/>
      <line num="15" count="2" type="cond" truecount="4" falsecount="0"/>
      <line num="16" count="1" type="stmt"/>
      <line num="18" count="1" type="stmt"/>
    </file>
    <file name="subscription-price-engine.ts" path="D:\KK1\kklab6\src\subscription-price-engine.ts">
      <metrics statements="36" coveredstatements="36" conditionals="25" coveredconditionals="25" methods="9" coveredmethods="9"/>
      <line num="3" count="1" type="stmt"/>
      <line num="4" count="25" type="stmt"/>
      <line num="5" count="25" type="stmt"/>
      <line num="8" count="3" type="stmt"/>
      <line num="12" count="3" type="stmt"/>
      <line num="16" count="9" type="cond" truecount="3" falsecount="0"/>
      <line num="17" count="3" type="stmt"/>
      <line num="19" count="6" type="stmt"/>
      <line num="23" count="6" type="cond" truecount="4" falsecount="0"/>
      <line num="24" count="2" type="stmt"/>
      <line num="26" count="4" type="stmt"/>
      <line num="31" count="1" type="stmt"/>
      <line num="32" count="1" type="stmt"/>
      <line num="36" count="3" type="cond" truecount="3" falsecount="0"/>
      <line num="37" count="1" type="stmt"/>
      <line num="39" count="2" type="stmt"/>
      <line num="40" count="2" type="cond" truecount="1" falsecount="0"/>
      <line num="41" count="1" type="stmt"/>
      <line num="43" count="1" type="stmt"/>
      <line num="50" count="6" type="cond" truecount="3" falsecount="0"/>
      <line num="51" count="1" type="stmt"/>
      <line num="53" count="5" type="cond" truecount="3" falsecount="0"/>
      <line num="54" count="1" type="stmt"/>
      <line num="56" count="4" type="stmt"/>
      <line num="57" count="4" type="cond" truecount="1" falsecount="0"/>
      <line num="58" count="1" type="stmt"/>
      <line num="60" count="3" type="cond" truecount="1" falsecount="0"/>
      <line num="61" count="2" type="stmt"/>
      <line num="63" count="1" type="stmt"/>
      <line num="68" count="4" type="cond" truecount="3" falsecount="0"/>
      <line num="69" count="1" type="stmt"/>
      <line num="71" count="3" type="cond" truecount="3" falsecount="0"/>
      <line num="72" count="1" type="stmt"/>
      <line num="74" count="2" type="stmt"/>
      <line num="79" count="3" type="stmt"/>
      <line num="80" count="2" type="stmt"/>
    </file>
  </project>
</coverage>
