{"D:\\KK1\\kklab6\\src\\currency-rate-client.ts": {"path":"D:\\KK1\\kklab6\\src\\currency-rate-client.ts","statementMap":{"0":{"start":{"line":6,"column":31},"end":{"line":6,"column":46}},"1":{"start":{"line":9,"column":16},"end":{"line":9,"column":66}},"2":{"start":{"line":10,"column":16},"end":{"line":10,"column":51}},"3":{"start":{"line":11,"column":4},"end":{"line":13,"column":5}},"4":{"start":{"line":12,"column":6},"end":{"line":12,"column":61}},"5":{"start":{"line":14,"column":18},"end":{"line":14,"column":34}},"6":{"start":{"line":15,"column":4},"end":{"line":17,"column":5}},"7":{"start":{"line":16,"column":6},"end":{"line":16,"column":57}},"8":{"start":{"line":18,"column":4},"end":{"line":18,"column":21}},"9":{"start":{"line":5,"column":0},"end":{"line":5,"column":13}}},"fnMap":{"0":{"name":"(anonymous_0)","decl":{"start":{"line":6,"column":2},"end":{"line":6,"column":31}},"loc":{"start":{"line":6,"column":46},"end":{"line":6,"column":50}}},"1":{"name":"(anonymous_1)","decl":{"start":{"line":8,"column":2},"end":{"line":8,"column":7}},"loc":{"start":{"line":8,"column":19},"end":{"line":19,"column":3}}}},"branchMap":{"0":{"loc":{"start":{"line":11,"column":4},"end":{"line":13,"column":5}},"type":"if","locations":[{"start":{"line":11,"column":4},"end":{"line":13,"column":5}}]},"1":{"loc":{"start":{"line":15,"column":4},"end":{"line":17,"column":5}},"type":"if","locations":[{"start":{"line":15,"column":4},"end":{"line":17,"column":5}}]},"2":{"loc":{"start":{"line":15,"column":8},"end":{"line":15,"column":86}},"type":"binary-expr","locations":[{"start":{"line":15,"column":8},"end":{"line":15,"column":37}},{"start":{"line":15,"column":41},"end":{"line":15,"column":68}},{"start":{"line":15,"column":72},"end":{"line":15,"column":86}}]}},"s":{"0":3,"1":3,"2":3,"3":3,"4":1,"5":2,"6":2,"7":1,"8":1,"9":1},"f":{"0":3,"1":3},"b":{"0":[1],"1":[1],"2":[2,1,1]}}
,"D:\\KK1\\kklab6\\src\\subscription-price-engine.ts": {"path":"D:\\KK1\\kklab6\\src\\subscription-price-engine.ts","statementMap":{"0":{"start":{"line":4,"column":21},"end":{"line":4,"column":23}},"1":{"start":{"line":5,"column":23},"end":{"line":5,"column":25}},"2":{"start":{"line":8,"column":4},"end":{"line":8,"column":25}},"3":{"start":{"line":12,"column":4},"end":{"line":12,"column":27}},"4":{"start":{"line":16,"column":4},"end":{"line":18,"column":5}},"5":{"start":{"line":17,"column":6},"end":{"line":17,"column":76}},"6":{"start":{"line":19,"column":4},"end":{"line":19,"column":25}},"7":{"start":{"line":23,"column":4},"end":{"line":25,"column":5}},"8":{"start":{"line":24,"column":6},"end":{"line":24,"column":64}},"9":{"start":{"line":26,"column":4},"end":{"line":26,"column":30}},"10":{"start":{"line":31,"column":4},"end":{"line":31,"column":23}},"11":{"start":{"line":32,"column":4},"end":{"line":32,"column":25}},"12":{"start":{"line":36,"column":4},"end":{"line":38,"column":5}},"13":{"start":{"line":37,"column":6},"end":{"line":37,"column":70}},"14":{"start":{"line":39,"column":16},"end":{"line":39,"column":45}},"15":{"start":{"line":40,"column":4},"end":{"line":42,"column":5}},"16":{"start":{"line":41,"column":6},"end":{"line":41,"column":47}},"17":{"start":{"line":43,"column":4},"end":{"line":43,"column":15}},"18":{"start":{"line":50,"column":4},"end":{"line":52,"column":5}},"19":{"start":{"line":51,"column":6},"end":{"line":51,"column":69}},"20":{"start":{"line":53,"column":4},"end":{"line":55,"column":5}},"21":{"start":{"line":54,"column":6},"end":{"line":54,"column":68}},"22":{"start":{"line":56,"column":17},"end":{"line":56,"column":32}},"23":{"start":{"line":57,"column":4},"end":{"line":59,"column":5}},"24":{"start":{"line":58,"column":6},"end":{"line":58,"column":15}},"25":{"start":{"line":60,"column":4},"end":{"line":62,"column":5}},"26":{"start":{"line":61,"column":6},"end":{"line":61,"column":15}},"27":{"start":{"line":63,"column":4},"end":{"line":63,"column":63}},"28":{"start":{"line":68,"column":4},"end":{"line":70,"column":5}},"29":{"start":{"line":69,"column":6},"end":{"line":69,"column":72}},"30":{"start":{"line":71,"column":4},"end":{"line":73,"column":5}},"31":{"start":{"line":72,"column":6},"end":{"line":72,"column":69}},"32":{"start":{"line":74,"column":4},"end":{"line":74,"column":47}},"33":{"start":{"line":79,"column":17},"end":{"line":79,"column":43}},"34":{"start":{"line":80,"column":4},"end":{"line":80,"column":31}},"35":{"start":{"line":3,"column":0},"end":{"line":3,"column":13}}},"fnMap":{"0":{"name":"(anonymous_0)","decl":{"start":{"line":7,"column":2},"end":{"line":7,"column":13}},"loc":{"start":{"line":7,"column":13},"end":{"line":9,"column":3}}},"1":{"name":"(anonymous_1)","decl":{"start":{"line":11,"column":2},"end":{"line":11,"column":15}},"loc":{"start":{"line":11,"column":15},"end":{"line":13,"column":3}}},"2":{"name":"(anonymous_2)","decl":{"start":{"line":15,"column":2},"end":{"line":15,"column":17}},"loc":{"start":{"line":15,"column":30},"end":{"line":20,"column":3}}},"3":{"name":"(anonymous_3)","decl":{"start":{"line":22,"column":2},"end":{"line":22,"column":15}},"loc":{"start":{"line":22,"column":31},"end":{"line":27,"column":3}}},"4":{"name":"(anonymous_4)","decl":{"start":{"line":30,"column":2},"end":{"line":30,"column":17}},"loc":{"start":{"line":30,"column":17},"end":{"line":33,"column":3}}},"5":{"name":"(anonymous_5)","decl":{"start":{"line":35,"column":2},"end":{"line":35,"column":18}},"loc":{"start":{"line":35,"column":73},"end":{"line":44,"column":3}}},"6":{"name":"(anonymous_6)","decl":{"start":{"line":49,"column":2},"end":{"line":49,"column":22}},"loc":{"start":{"line":49,"column":60},"end":{"line":64,"column":3}}},"7":{"name":"(anonymous_7)","decl":{"start":{"line":67,"column":2},"end":{"line":67,"column":23}},"loc":{"start":{"line":67,"column":65},"end":{"line":75,"column":3}}},"8":{"name":"(anonymous_8)","decl":{"start":{"line":78,"column":2},"end":{"line":78,"column":7}},"loc":{"start":{"line":78,"column":53},"end":{"line":81,"column":3}}}},"branchMap":{"0":{"loc":{"start":{"line":16,"column":4},"end":{"line":18,"column":5}},"type":"if","locations":[{"start":{"line":16,"column":4},"end":{"line":18,"column":5}}]},"1":{"loc":{"start":{"line":16,"column":8},"end":{"line":16,"column":43}},"type":"binary-expr","locations":[{"start":{"line":16,"column":8},"end":{"line":16,"column":30}},{"start":{"line":16,"column":34},"end":{"line":16,"column":43}}]},"2":{"loc":{"start":{"line":23,"column":4},"end":{"line":25,"column":5}},"type":"if","locations":[{"start":{"line":23,"column":4},"end":{"line":25,"column":5}}]},"3":{"loc":{"start":{"line":23,"column":8},"end":{"line":23,"column":65}},"type":"binary-expr","locations":[{"start":{"line":23,"column":8},"end":{"line":23,"column":33}},{"start":{"line":23,"column":37},"end":{"line":23,"column":48}},{"start":{"line":23,"column":52},"end":{"line":23,"column":65}}]},"4":{"loc":{"start":{"line":36,"column":4},"end":{"line":38,"column":5}},"type":"if","locations":[{"start":{"line":36,"column":4},"end":{"line":38,"column":5}}]},"5":{"loc":{"start":{"line":36,"column":8},"end":{"line":36,"column":60}},"type":"binary-expr","locations":[{"start":{"line":36,"column":8},"end":{"line":36,"column":39}},{"start":{"line":36,"column":43},"end":{"line":36,"column":60}}]},"6":{"loc":{"start":{"line":40,"column":4},"end":{"line":42,"column":5}},"type":"if","locations":[{"start":{"line":40,"column":4},"end":{"line":42,"column":5}}]},"7":{"loc":{"start":{"line":50,"column":4},"end":{"line":52,"column":5}},"type":"if","locations":[{"start":{"line":50,"column":4},"end":{"line":52,"column":5}}]},"8":{"loc":{"start":{"line":50,"column":8},"end":{"line":50,"column":54}},"type":"binary-expr","locations":[{"start":{"line":50,"column":8},"end":{"line":50,"column":36}},{"start":{"line":50,"column":40},"end":{"line":50,"column":54}}]},"9":{"loc":{"start":{"line":53,"column":4},"end":{"line":55,"column":5}},"type":"if","locations":[{"start":{"line":53,"column":4},"end":{"line":55,"column":5}}]},"10":{"loc":{"start":{"line":53,"column":8},"end":{"line":53,"column":52}},"type":"binary-expr","locations":[{"start":{"line":53,"column":8},"end":{"line":53,"column":35}},{"start":{"line":53,"column":39},"end":{"line":53,"column":52}}]},"11":{"loc":{"start":{"line":57,"column":4},"end":{"line":59,"column":5}},"type":"if","locations":[{"start":{"line":57,"column":4},"end":{"line":59,"column":5}}]},"12":{"loc":{"start":{"line":60,"column":4},"end":{"line":62,"column":5}},"type":"if","locations":[{"start":{"line":60,"column":4},"end":{"line":62,"column":5}}]},"13":{"loc":{"start":{"line":68,"column":4},"end":{"line":70,"column":5}},"type":"if","locations":[{"start":{"line":68,"column":4},"end":{"line":70,"column":5}}]},"14":{"loc":{"start":{"line":68,"column":8},"end":{"line":68,"column":60}},"type":"binary-expr","locations":[{"start":{"line":68,"column":8},"end":{"line":68,"column":39}},{"start":{"line":68,"column":43},"end":{"line":68,"column":60}}]},"15":{"loc":{"start":{"line":71,"column":4},"end":{"line":73,"column":5}},"type":"if","locations":[{"start":{"line":71,"column":4},"end":{"line":73,"column":5}}]},"16":{"loc":{"start":{"line":71,"column":8},"end":{"line":71,"column":54}},"type":"binary-expr","locations":[{"start":{"line":71,"column":8},"end":{"line":71,"column":36}},{"start":{"line":71,"column":40},"end":{"line":71,"column":54}}]}},"s":{"0":25,"1":25,"2":3,"3":3,"4":9,"5":3,"6":6,"7":6,"8":2,"9":4,"10":1,"11":1,"12":3,"13":1,"14":2,"15":2,"16":1,"17":1,"18":6,"19":1,"20":5,"21":1,"22":4,"23":4,"24":1,"25":3,"26":2,"27":1,"28":4,"29":1,"30":3,"31":1,"32":2,"33":3,"34":2,"35":1},"f":{"0":3,"1":3,"2":9,"3":6,"4":1,"5":3,"6":6,"7":4,"8":3},"b":{"0":[3],"1":[9,8],"2":[2],"3":[6,6,5],"4":[1],"5":[3,3],"6":[1],"7":[1],"8":[6,6],"9":[1],"10":[5,5],"11":[1],"12":[2],"13":[1],"14":[4,4],"15":[1],"16":[3,3]}}
}
