TN:
SF:src\currency-rate-client.ts
FN:6,(anonymous_0)
FN:8,(anonymous_1)
FNF:2
FNH:2
FNDA:3,(anonymous_0)
FNDA:3,(anonymous_1)
DA:5,1
DA:6,3
DA:9,3
DA:10,3
DA:11,3
DA:12,1
DA:14,2
DA:15,2
DA:16,1
DA:18,1
LF:10
LH:10
BRDA:11,0,0,1
BRDA:15,1,0,1
BRDA:15,2,0,2
BRDA:15,2,1,1
BRDA:15,2,2,1
BRF:5
BRH:5
end_of_record
TN:
SF:src\subscription-price-engine.ts
FN:7,(anonymous_0)
FN:11,(anonymous_1)
FN:15,(anonymous_2)
FN:22,(anonymous_3)
FN:30,(anonymous_4)
FN:38,(anonymous_5)
FN:52,(anonymous_6)
FN:70,(anonymous_7)
FN:81,(anonymous_8)
FNF:9
FNH:9
FNDA:3,(anonymous_0)
FNDA:3,(anonymous_1)
FNDA:8,(anonymous_2)
FNDA:6,(anonymous_3)
FNDA:1,(anonymous_4)
FNDA:3,(anonymous_5)
FNDA:6,(anonymous_6)
FNDA:4,(anonymous_7)
FNDA:2,(anonymous_8)
DA:3,1
DA:4,16
DA:5,16
DA:8,3
DA:12,3
DA:16,8
DA:17,3
DA:19,5
DA:23,6
DA:24,2
DA:26,4
DA:31,1
DA:32,1
DA:39,3
DA:40,1
DA:42,2
DA:43,2
DA:44,1
DA:46,1
DA:53,6
DA:54,1
DA:56,5
DA:57,1
DA:59,4
DA:60,4
DA:61,1
DA:63,3
DA:64,2
DA:66,1
DA:71,4
DA:72,1
DA:74,3
DA:75,1
DA:77,2
DA:82,2
DA:83,1
LF:36
LH:36
BRDA:16,0,0,3
BRDA:16,1,0,8
BRDA:16,1,1,7
BRDA:23,2,0,2
BRDA:23,3,0,6
BRDA:23,3,1,6
BRDA:23,3,2,5
BRDA:39,4,0,1
BRDA:39,5,0,3
BRDA:39,5,1,3
BRDA:43,6,0,1
BRDA:53,7,0,1
BRDA:53,8,0,6
BRDA:53,8,1,6
BRDA:56,9,0,1
BRDA:56,10,0,5
BRDA:56,10,1,5
BRDA:60,11,0,1
BRDA:63,12,0,2
BRDA:71,13,0,1
BRDA:71,14,0,4
BRDA:71,14,1,4
BRDA:74,15,0,1
BRDA:74,16,0,3
BRDA:74,16,1,3
BRF:25
BRH:25
end_of_record
