TN:
SF:src\currency-rate-client.ts
FN:6,(anonymous_0)
FN:8,(anonymous_1)
FNF:2
FNH:2
FNDA:3,(anonymous_0)
FNDA:3,(anonymous_1)
DA:5,1
DA:6,3
DA:9,3
DA:10,3
DA:11,3
DA:12,1
DA:14,2
DA:15,2
DA:16,1
DA:18,1
LF:10
LH:10
BRDA:11,0,0,1
BRDA:15,1,0,1
BRDA:15,2,0,2
BRDA:15,2,1,1
BRDA:15,2,2,1
BRF:5
BRH:5
end_of_record
TN:
SF:src\subscription-price-engine.ts
FN:7,(anonymous_0)
FN:11,(anonymous_1)
FN:15,(anonymous_2)
FN:22,(anonymous_3)
FN:30,(anonymous_4)
FN:35,(anonymous_5)
FN:49,(anonymous_6)
FN:67,(anonymous_7)
FN:78,(anonymous_8)
FNF:9
FNH:9
FNDA:3,(anonymous_0)
FNDA:3,(anonymous_1)
FNDA:9,(anonymous_2)
FNDA:6,(anonymous_3)
FNDA:1,(anonymous_4)
FNDA:3,(anonymous_5)
FNDA:6,(anonymous_6)
FNDA:4,(anonymous_7)
FNDA:3,(anonymous_8)
DA:3,1
DA:4,25
DA:5,25
DA:8,3
DA:12,3
DA:16,9
DA:17,3
DA:19,6
DA:23,6
DA:24,2
DA:26,4
DA:31,1
DA:32,1
DA:36,3
DA:37,1
DA:39,2
DA:40,2
DA:41,1
DA:43,1
DA:50,6
DA:51,1
DA:53,5
DA:54,1
DA:56,4
DA:57,4
DA:58,1
DA:60,3
DA:61,2
DA:63,1
DA:68,4
DA:69,1
DA:71,3
DA:72,1
DA:74,2
DA:79,3
DA:80,2
LF:36
LH:36
BRDA:16,0,0,3
BRDA:16,1,0,9
BRDA:16,1,1,8
BRDA:23,2,0,2
BRDA:23,3,0,6
BRDA:23,3,1,6
BRDA:23,3,2,5
BRDA:36,4,0,1
BRDA:36,5,0,3
BRDA:36,5,1,3
BRDA:40,6,0,1
BRDA:50,7,0,1
BRDA:50,8,0,6
BRDA:50,8,1,6
BRDA:53,9,0,1
BRDA:53,10,0,5
BRDA:53,10,1,5
BRDA:57,11,0,1
BRDA:60,12,0,2
BRDA:68,13,0,1
BRDA:68,14,0,4
BRDA:68,14,1,4
BRDA:71,15,0,1
BRDA:71,16,0,3
BRDA:71,16,1,3
BRF:25
BRH:25
end_of_record
